app/build/outputs/logs/manifest-merger-debug-report.txt
-- Merging decision tree log ---
manifest
ADDED from src\main\AndroidManifest.xml:2:1-79:12
	xmlns:android
		ADDED from src\main\AndroidManifest.xml:2:11-69
	package
		ADDED from src\main\AndroidManifest.xml:3:5-32
		INJECTED from src\main\AndroidManifest.xml
		INJECTED from src\main\AndroidManifest.xml
	android:versionName
		ADDED from src\main\AndroidManifest.xml:5:5-30
		INJECTED from src\main\AndroidManifest.xml
		INJECTED from src\main\AndroidManifest.xml
	android:versionCode
		ADDED from src\main\AndroidManifest.xml:4:5-28
		INJECTED from src\main\AndroidManifest.xml
		INJECTED from src\main\AndroidManifest.xml
uses-sdk
ADDED from src\main\AndroidManifest.xml:7:5-9:41
MERGED from [com.android.support:appcompat-v7:23.1.1] AndroidManifest.xml:20:5-43
MERGED from [com.android.support:support-v4:23.1.1] AndroidManifest.xml:20:5-43
	android:targetSdkVersion
		ADDED from src\main\AndroidManifest.xml:9:9-38
		INJECTED from src\main\AndroidManifest.xml
		INJECTED from src\main\AndroidManifest.xml
	android:minSdkVersion
		ADDED from src\main\AndroidManifest.xml:8:9-35
		INJECTED from src\main\AndroidManifest.xml
		INJECTED from src\main\AndroidManifest.xml
uses-permission#android.permission.INTERNET
ADDED from src\main\AndroidManifest.xml:10:1-63
	android:name
		ADDED from src\main\AndroidManifest.xml:10:18-60
uses-permission#android.permission.ACCESS_NETWORK_STATE
ADDED from src\main\AndroidManifest.xml:11:1-75
	android:name
		ADDED from src\main\AndroidManifest.xml:11:18-72
uses-permission#android.permission.WAKE_LOCK
ADDED from src\main\AndroidManifest.xml:12:1-64
	android:name
		ADDED from src\main\AndroidManifest.xml:12:18-61
uses-permission#android.permission.VIBRATE
ADDED from src\main\AndroidManifest.xml:13:1-62
	android:name
		ADDED from src\main\AndroidManifest.xml:13:18-59
uses-permission#android.permission.RECEIVE_BOOT_COMPLETED
ADDED from src\main\AndroidManifest.xml:14:1-77
	android:name
		ADDED from src\main\AndroidManifest.xml:14:18-74
uses-permission#android.permission.GET_ACCOUNTS
ADDED from src\main\AndroidManifest.xml:15:1-67
	android:name
		ADDED from src\main\AndroidManifest.xml:15:18-64
uses-permission#com.google.android.c2dm.permission.RECEIVE
ADDED from src\main\AndroidManifest.xml:16:1-78
	android:name
		ADDED from src\main\AndroidManifest.xml:16:18-75
permission#sremind.torymo.by.permission.C2D_MESSAGE
ADDED from src\main\AndroidManifest.xml:17:1-18:63
	android:protectionLevel
		ADDED from src\main\AndroidManifest.xml:17:13-48
	android:name
		ADDED from src\main\AndroidManifest.xml:18:5-60
uses-permission#sremind.torymo.by.permission.C2D_MESSAGE
ADDED from src\main\AndroidManifest.xml:19:1-76
	android:name
		ADDED from src\main\AndroidManifest.xml:19:18-73
application
ADDED from src\main\AndroidManifest.xml:20:5-77:19
MERGED from [com.android.support:appcompat-v7:23.1.1] AndroidManifest.xml:22:5-20
MERGED from [com.android.support:support-v4:23.1.1] AndroidManifest.xml:22:5-20
	android:label
		ADDED from src\main\AndroidManifest.xml:24:9-41
	android:allowBackup
		ADDED from src\main\AndroidManifest.xml:22:9-35
	android:icon
		ADDED from src\main\AndroidManifest.xml:23:9-45
	android:theme
		ADDED from src\main\AndroidManifest.xml:25:9-40
	android:name
		ADDED from src\main\AndroidManifest.xml:21:9-59
activity#sremind.torymo.by.MainActivity
ADDED from src\main\AndroidManifest.xml:26:9-35:20
	android:label
		ADDED from src\main\AndroidManifest.xml:28:13-45
	android:name
		ADDED from src\main\AndroidManifest.xml:27:13-58
	android:launchMode
		ADDED from src\main\AndroidManifest.xml:29:13-43
intent-filter#android.intent.action.MAIN+android.intent.category.LAUNCHER
ADDED from src\main\AndroidManifest.xml:30:13-34:29
action#android.intent.action.MAIN
ADDED from src\main\AndroidManifest.xml:31:17-69
	android:name
		ADDED from src\main\AndroidManifest.xml:31:25-66
category#android.intent.category.LAUNCHER
ADDED from src\main\AndroidManifest.xml:33:17-77
	android:name
		ADDED from src\main\AndroidManifest.xml:33:27-74
activity#sremind.torymo.by.SeriesForChoosing
ADDED from src\main\AndroidManifest.xml:36:9-40:20
	android:label
		ADDED from src\main\AndroidManifest.xml:39:13-35
	android:name
		ADDED from src\main\AndroidManifest.xml:37:13-63
	android:launchMode
		ADDED from src\main\AndroidManifest.xml:38:13-43
activity#sremind.torymo.by.SeriesActivity
ADDED from src\main\AndroidManifest.xml:41:9-46:20
	android:label
		ADDED from src\main\AndroidManifest.xml:44:13-45
	android:name
		ADDED from src\main\AndroidManifest.xml:42:13-60
	android:launchMode
		ADDED from src\main\AndroidManifest.xml:43:13-43
activity#sremind.torymo.by.EpisodesActivity
ADDED from src\main\AndroidManifest.xml:47:9-51:20
	android:name
		ADDED from src\main\AndroidManifest.xml:48:13-62
	android:launchMode
		ADDED from src\main\AndroidManifest.xml:49:13-43
service#com.parse.PushService
ADDED from src\main\AndroidManifest.xml:53:9-57
	android:name
		ADDED from src\main\AndroidManifest.xml:53:18-54
receiver#com.parse.ParseBroadcastReceiver
ADDED from src\main\AndroidManifest.xml:54:3-59:14
	android:name
		ADDED from src\main\AndroidManifest.xml:54:13-60
intent-filter#android.intent.action.BOOT_COMPLETED+android.intent.action.USER_PRESENT
ADDED from src\main\AndroidManifest.xml:55:5-58:21
action#android.intent.action.BOOT_COMPLETED
ADDED from src\main\AndroidManifest.xml:56:7-69
	android:name
		ADDED from src\main\AndroidManifest.xml:56:15-66
action#android.intent.action.USER_PRESENT
ADDED from src\main\AndroidManifest.xml:57:7-67
	android:name
		ADDED from src\main\AndroidManifest.xml:57:15-64
receiver#sremind.torymo.by.SeriesReciever
ADDED from src\main\AndroidManifest.xml:60:3-67:14
	android:exported
		ADDED from src\main\AndroidManifest.xml:61:7-31
	android:name
		ADDED from src\main\AndroidManifest.xml:60:13-60
intent-filter#com.parse.push.intent.DELETE+com.parse.push.intent.OPEN+com.parse.push.intent.RECEIVE
ADDED from src\main\AndroidManifest.xml:62:5-66:23
action#com.parse.push.intent.RECEIVE
ADDED from src\main\AndroidManifest.xml:63:7-62
	android:name
		ADDED from src\main\AndroidManifest.xml:63:15-59
action#com.parse.push.intent.DELETE
ADDED from src\main\AndroidManifest.xml:64:7-61
	android:name
		ADDED from src\main\AndroidManifest.xml:64:15-58
action#com.parse.push.intent.OPEN
ADDED from src\main\AndroidManifest.xml:65:7-59
	android:name
		ADDED from src\main\AndroidManifest.xml:65:15-56
receiver#com.parse.GcmBroadcastReceiver
ADDED from src\main\AndroidManifest.xml:68:3-75:14
	android:permission
		ADDED from src\main\AndroidManifest.xml:69:7-67
	android:name
		ADDED from src\main\AndroidManifest.xml:68:13-58
intent-filter#com.google.android.c2dm.intent.RECEIVE+com.google.android.c2dm.intent.REGISTRATION+sremind.torymo.by
ADDED from src\main\AndroidManifest.xml:70:5-74:21
action#com.google.android.c2dm.intent.RECEIVE
ADDED from src\main\AndroidManifest.xml:71:7-71
	android:name
		ADDED from src\main\AndroidManifest.xml:71:15-68
action#com.google.android.c2dm.intent.REGISTRATION
ADDED from src\main\AndroidManifest.xml:72:7-76
	android:name
		ADDED from src\main\AndroidManifest.xml:72:15-73
category#sremind.torymo.by
ADDED from src\main\AndroidManifest.xml:73:7-52
	android:name
		ADDED from src\main\AndroidManifest.xml:73:17-49
meta-data#com.parse.push.notification_icon
ADDED from src\main\AndroidManifest.xml:76:3-104
	android:resource
		ADDED from src\main\AndroidManifest.xml:76:62-102
	android:name
		ADDED from src\main\AndroidManifest.xml:76:14-61